

*******************************************************************************
Tue Mar 28 12:16:52 2017


FIT:    data read from 'DAT/datosDyV.dat'
        format = z
        #datapoints = 22
        residuals are weighted equally (unit weight)

function used for fitting: f(x)
	f(x) = a*x*log(x)+b
fitted parameters initialized with current variable values

iter      chisq       delta/lim  lambda   a             b            
   0 9.7651625926e+12   0.00e+00  4.71e+05    1.000000e+00   1.000000e+00
  10 1.8891205824e-08  -2.25e-07  4.71e-05    8.300285e-10   3.032354e-05

After 10 iterations the fit converged.
final sum of squares of residuals : 1.88912e-08
rel. change during last iteration : -2.24502e-12

degrees of freedom    (FIT_NDF)                        : 20
rms of residuals      (FIT_STDFIT) = sqrt(WSSR/ndf)    : 3.07337e-05
variance of residuals (reduced chisquare) = WSSR/ndf   : 9.4456e-10

Final set of parameters            Asymptotic Standard Error
=======================            ==========================
a               = 8.30029e-10      +/- 2.184e-11    (2.632%)
b               = 3.03235e-05      +/- 1.455e-05    (47.99%)

correlation matrix of the fit parameters:
                a      b      
a               1.000 
b              -0.893  1.000 
