

*******************************************************************************
Wed Mar 15 23:27:27 2017


FIT:    data read from 'salida3.dat'
        format = z
        #datapoints = 25
        residuals are weighted equally (unit weight)

function used for fitting: f(x)
	f(x) = a*x*x+b*x+c
fitted parameters initialized with current variable values



*******************************************************************************
Wed Mar 15 23:27:31 2017


FIT:    data read from 'salida3.dat'
        format = z
        #datapoints = 25
        residuals are weighted equally (unit weight)

function used for fitting: f(x)
	f(x) = a*x*x+b*x+c
fitted parameters initialized with current variable values

iter      chisq       delta/lim  lambda   a             b             c            
   0 5.5134663885e+20   0.00e+00  2.71e+09    1.000000e+00   1.000000e+00   1.000000e+00
  13 6.4638369850e-01  -2.43e-05  2.71e-04    1.171640e-09   1.070704e-05  -1.474428e-01

After 13 iterations the fit converged.
final sum of squares of residuals : 0.646384
rel. change during last iteration : -2.43353e-10

degrees of freedom    (FIT_NDF)                        : 22
rms of residuals      (FIT_STDFIT) = sqrt(WSSR/ndf)    : 0.171409
variance of residuals (reduced chisquare) = WSSR/ndf   : 0.0293811

Final set of parameters            Asymptotic Standard Error
=======================            ==========================
a               = 1.17164e-09      +/- 4.618e-11    (3.941%)
b               = 1.0707e-05       +/- 4.947e-06    (46.21%)
c               = -0.147443        +/- 0.1117       (75.73%)

correlation matrix of the fit parameters:
                a      b      c      
a               1.000 
b              -0.971  1.000 
c               0.774 -0.884  1.000 
