

*******************************************************************************
Wed Mar 15 21:04:03 2017


FIT:    data read from 'salida8.dat'
        format = z
        #datapoints = 25
        residuals are weighted equally (unit weight)

function used for fitting: f(x)
	f(x) = a*x*log(x)
fitted parameters initialized with current variable values

iter      chisq       delta/lim  lambda   a            
   0 1.1096880467e+13   0.00e+00  6.66e+05    1.000000e+00
   5 1.8217576022e-05  -5.58e-11  6.66e+00    1.878507e-08

After 5 iterations the fit converged.
final sum of squares of residuals : 1.82176e-05
rel. change during last iteration : -5.57944e-16

degrees of freedom    (FIT_NDF)                        : 24
rms of residuals      (FIT_STDFIT) = sqrt(WSSR/ndf)    : 0.000871244
variance of residuals (reduced chisquare) = WSSR/ndf   : 7.59066e-07

Final set of parameters            Asymptotic Standard Error
=======================            ==========================
a               = 1.87851e-08      +/- 2.615e-10    (1.392%)


*******************************************************************************
Wed Mar 15 21:31:39 2017


FIT:    data read from 'salida8.dat'
        format = z
        #datapoints = 25
        residuals are weighted equally (unit weight)

function used for fitting: f(x)
	f(x) = a*x*log(x)
fitted parameters initialized with current variable values

iter      chisq       delta/lim  lambda   a            
   0 1.1096880703e+13   0.00e+00  6.66e+05    1.000000e+00
   5 2.6005996735e-06  -6.51e-11  6.66e+02    8.149084e-09

After 5 iterations the fit converged.
final sum of squares of residuals : 2.6006e-06
rel. change during last iteration : -6.51414e-16

degrees of freedom    (FIT_NDF)                        : 24
rms of residuals      (FIT_STDFIT) = sqrt(WSSR/ndf)    : 0.000329178
variance of residuals (reduced chisquare) = WSSR/ndf   : 1.08358e-07

Final set of parameters            Asymptotic Standard Error
=======================            ==========================
a               = 8.14908e-09      +/- 9.882e-11    (1.213%)
